<?xml version="1.0" encoding="UTF-8"?>
<testng-results ignored="0" total="2" passed="2" failed="0" skipped="0">
  <reporter-output>
  </reporter-output>
  <suite started-at="2021-09-06T18:55:39Z" name="Default suite" finished-at="2021-09-06T18:55:52Z" duration-ms="12953">
    <groups>
    </groups>
    <test started-at="2021-09-06T18:55:39Z" name="Default test" finished-at="2021-09-06T18:55:52Z" duration-ms="12953">
      <class name="com.qa.testcases.SignInPageTest">
        <test-method is-config="true" signature="setup()[pri:0, instance:com.qa.testcases.SignInPageTest@5ddcc487]" started-at="2021-09-06T18:55:39Z" name="setup" finished-at="2021-09-06T18:55:46Z" duration-ms="6741" status="PASS">
          <reporter-output>
          </reporter-output>
        </test-method> <!-- setup -->
        <test-method signature="validateSignInPageTitleTest()[pri:1, instance:com.qa.testcases.SignInPageTest@5ddcc487]" started-at="2021-09-06T18:55:46Z" name="validateSignInPageTitleTest" finished-at="2021-09-06T18:55:46Z" duration-ms="16" status="PASS">
          <reporter-output>
          </reporter-output>
        </test-method> <!-- validateSignInPageTitleTest -->
        <test-method is-config="true" signature="tearDown()[pri:0, instance:com.qa.testcases.SignInPageTest@5ddcc487]" started-at="2021-09-06T18:55:46Z" name="tearDown" finished-at="2021-09-06T18:55:46Z" duration-ms="0" status="PASS">
          <reporter-output>
          </reporter-output>
        </test-method> <!-- tearDown -->
        <test-method is-config="true" signature="setup()[pri:0, instance:com.qa.testcases.SignInPageTest@5ddcc487]" started-at="2021-09-06T18:55:46Z" name="setup" finished-at="2021-09-06T18:55:52Z" duration-ms="5785" status="PASS">
          <reporter-output>
          </reporter-output>
        </test-method> <!-- setup -->
        <test-method signature="loginTest()[pri:2, instance:com.qa.testcases.SignInPageTest@5ddcc487]" started-at="2021-09-06T18:55:52Z" name="loginTest" finished-at="2021-09-06T18:55:52Z" duration-ms="385" status="PASS">
          <reporter-output>
          </reporter-output>
        </test-method> <!-- loginTest -->
        <test-method is-config="true" signature="tearDown()[pri:0, instance:com.qa.testcases.SignInPageTest@5ddcc487]" started-at="2021-09-06T18:55:52Z" name="tearDown" finished-at="2021-09-06T18:55:52Z" duration-ms="1" status="PASS">
          <reporter-output>
          </reporter-output>
        </test-method> <!-- tearDown -->
      </class> <!-- com.qa.testcases.SignInPageTest -->
    </test> <!-- Default test -->
  </suite> <!-- Default suite -->
</testng-results>
